Traceback (most recent call last):
  File "/usr/local/lib/python3.12/dist-packages/jupyter_core/utils/__init__.py", line 154, in wrapped
    asyncio.get_running_loop()
RuntimeError: no running event loop

During handling of the above exception, another exception occurred:

Traceback (most recent call last):
  File "/usr/local/lib/python3.12/dist-packages/jupyter_cache/executors/utils.py", line 58, in single_nb_execution
    executenb(
  File "/usr/local/lib/python3.12/dist-packages/nbclient/client.py", line 1319, in execute
    return NotebookClient(nb=nb, resources=resources, km=km, **kwargs).execute()
           ^^^^^^^^^^^^^^^^^^^^^^^^^^^^^^^^^^^^^^^^^^^^^^^^^^^^^^^^^^^^^^^^^^^^^
  File "/usr/local/lib/python3.12/dist-packages/jupyter_core/utils/__init__.py", line 158, in wrapped
    return loop.run_until_complete(inner)
           ^^^^^^^^^^^^^^^^^^^^^^^^^^^^^^
  File "/usr/lib/python3.12/asyncio/base_events.py", line 691, in run_until_complete
    return future.result()
           ^^^^^^^^^^^^^^^
  File "/usr/local/lib/python3.12/dist-packages/nbclient/client.py", line 709, in async_execute
    await self.async_execute_cell(
  File "/usr/local/lib/python3.12/dist-packages/nbclient/client.py", line 1062, in async_execute_cell
    await self._check_raise_for_error(cell, cell_index, exec_reply)
  File "/usr/local/lib/python3.12/dist-packages/nbclient/client.py", line 918, in _check_raise_for_error
    raise CellExecutionError.from_cell_and_msg(cell, exec_reply_content)
nbclient.exceptions.CellExecutionError: An error occurred while executing the following cell:
------------------
from sklearn.naive_bayes import GaussianNB
from sklearn.ensemble import RandomForestClassifier, BaggingClassifier

# Inisialisasi model
nb_model = GaussianNB()
rf_model = RandomForestClassifier(random_state=42)
bagging_model = BaggingClassifier(random_state=42)

# Klasifikasi data asli
results_nb_original = perform_classification(X, y, nb_model)
results_rf_original = perform_classification(X, y, rf_model)
results_bagging_original = perform_classification(X, y, bagging_model)

# Cetak hasil
print("Hasil Klasifikasi Data Asli (Naive Bayes):")
print(results_nb_original)
print("\nHasil Klasifikasi Data Asli (Random Forest):")
print(results_rf_original)
print("\nHasil Klasifikasi Data Asli (Bagging Classifier):")
print(results_bagging_original)
------------------


[0;31m---------------------------------------------------------------------------[0m
[0;31mNameError[0m                                 Traceback (most recent call last)
[0;32m/tmp/ipython-input-184705662.py[0m in [0;36m<cell line: 0>[0;34m()[0m
[1;32m      8[0m [0;34m[0m[0m
[1;32m      9[0m [0;31m# Klasifikasi data asli[0m[0;34m[0m[0;34m[0m[0m
[0;32m---> 10[0;31m [0mresults_nb_original[0m [0;34m=[0m [0mperform_classification[0m[0;34m([0m[0mX[0m[0;34m,[0m [0my[0m[0;34m,[0m [0mnb_model[0m[0;34m)[0m[0;34m[0m[0;34m[0m[0m
[0m[1;32m     11[0m [0mresults_rf_original[0m [0;34m=[0m [0mperform_classification[0m[0;34m([0m[0mX[0m[0;34m,[0m [0my[0m[0;34m,[0m [0mrf_model[0m[0;34m)[0m[0;34m[0m[0;34m[0m[0m
[1;32m     12[0m [0mresults_bagging_original[0m [0;34m=[0m [0mperform_classification[0m[0;34m([0m[0mX[0m[0;34m,[0m [0my[0m[0;34m,[0m [0mbagging_model[0m[0;34m)[0m[0;34m[0m[0;34m[0m[0m

[0;31mNameError[0m: name 'perform_classification' is not defined

